# JRE version: Java(TM) SE Runtime Environment (19.0.2+7) (build 19.0.2+7-44)
# Java VM: Java HotSpot(TM) 64-Bit Server VM (19.0.2+7-44, mixed mode, sharing, tiered, compressed oops, compressed class ptrs, g1 gc, windows-amd64)
GC Precious Log:
 CardTable entry size: 512
 Card Set container configuration: InlinePtr #cards 4 size 8 Array Of Cards #cards 16 size 48 Howl #buckets 8 coarsen threshold 3686 Howl Bitmap #cards 512 size 80 coarsen threshold 460 Card regions per heap region 1 cards per card region 4096
 CPUs: 8 total, 8 available
 Memory: 15808M
 Large Page Support: Disabled
 NUMA Support: Disabled
 Compressed Oops: Enabled (Zero based)
 Heap Region Size: 2M
 Heap Min Capacity: 8M
 Heap Initial Capacity: 248M
 Heap Max Capacity: 3954M
 Pre-touch: Disabled
 Parallel Workers: 8
 Concurrent Workers: 2
 Concurrent Refinement Workers: 8
 Periodic GC: Disabled
Heap:
 garbage-first heap   total 143360K, used 95612K [0x0000000708e00000, 0x0000000800000000)
  region size 2048K, 25 young (51200K), 2 survivors (4096K)
 Metaspace       used 23931K, committed 24320K, reserved 1114112K
  class space    used 3339K, committed 3520K, reserved 1048576K
GC Heap History (16 events):
Event: 0.746 GC heap before
{Heap before GC invocations=0 (full 0):
 garbage-first heap   total 253952K, used 22528K [0x0000000708e00000, 0x0000000800000000)
  region size 2048K, 11 young (22528K), 0 survivors (0K)
 Metaspace       used 4656K, committed 4864K, reserved 1114112K
  class space    used 476K, committed 576K, reserved 1048576K
}
Event: 0.750 GC heap after
{Heap after GC invocations=1 (full 0):
 garbage-first heap   total 253952K, used 2701K [0x0000000708e00000, 0x0000000800000000)
  region size 2048K, 2 young (4096K), 2 survivors (4096K)
 Metaspace       used 4656K, committed 4864K, reserved 1114112K
  class space    used 476K, committed 576K, reserved 1048576K
}
Event: 2.007 GC heap before
{Heap before GC invocations=1 (full 0):
 garbage-first heap   total 253952K, used 39565K [0x0000000708e00000, 0x0000000800000000)
  region size 2048K, 21 young (43008K), 2 survivors (4096K)
 Metaspace       used 14054K, committed 14400K, reserved 1114112K
  class space    used 1853K, committed 1984K, reserved 1048576K
}
Event: 2.013 GC heap after
{Heap after GC invocations=2 (full 0):
 garbage-first heap   total 253952K, used 7904K [0x0000000708e00000, 0x0000000800000000)
  region size 2048K, 3 young (6144K), 3 survivors (6144K)
 Metaspace       used 14054K, committed 14400K, reserved 1114112K
  class space    used 1853K, committed 1984K, reserved 1048576K
}
Event: 3.467 GC heap before
{Heap before GC invocations=2 (full 0):
 garbage-first heap   total 253952K, used 79584K [0x0000000708e00000, 0x0000000800000000)
  region size 2048K, 40 young (81920K), 3 survivors (6144K)
 Metaspace       used 21154K, committed 21504K, reserved 1114112K
  class space    used 3084K, committed 3264K, reserved 1048576K
}
Event: 3.482 GC heap after
{Heap after GC invocations=3 (full 0):
 garbage-first heap   total 253952K, used 19169K [0x0000000708e00000, 0x0000000800000000)
  region size 2048K, 9 young (18432K), 9 survivors (18432K)
 Metaspace       used 21154K, committed 21504K, reserved 1114112K
  class space    used 3084K, committed 3264K, reserved 1048576K
}
Event: 4.083 GC heap before
{Heap before GC invocations=4 (full 0):
 garbage-first heap   total 81920K, used 49889K [0x0000000708e00000, 0x0000000800000000)
  region size 2048K, 24 young (49152K), 9 survivors (18432K)
 Metaspace       used 21632K, committed 22016K, reserved 1114112K
  class space    used 3151K, committed 3328K, reserved 1048576K
}
Event: 4.102 GC heap after
{Heap after GC invocations=5 (full 0):
 garbage-first heap   total 81920K, used 27337K [0x0000000708e00000, 0x0000000800000000)
  region size 2048K, 3 young (6144K), 3 survivors (6144K)
 Metaspace       used 21632K, committed 22016K, reserved 1114112K
  class space    used 3151K, committed 3328K, reserved 1048576K
}
Event: 4.126 GC heap before
{Heap before GC invocations=5 (full 0):
 garbage-first heap   total 81920K, used 29385K [0x0000000708e00000, 0x0000000800000000)
  region size 2048K, 4 young (8192K), 3 survivors (6144K)
 Metaspace       used 21653K, committed 22016K, reserved 1114112K
  class space    used 3151K, committed 3328K, reserved 1048576K
}
Event: 4.132 GC heap after
{Heap after GC invocations=6 (full 0):
 garbage-first heap   total 81920K, used 30187K [0x0000000708e00000, 0x0000000800000000)
  region size 2048K, 1 young (2048K), 1 survivors (2048K)
 Metaspace       used 21653K, committed 22016K, reserved 1114112K
  class space    used 3151K, committed 3328K, reserved 1048576K
}
Event: 4.478 GC heap before
{Heap before GC invocations=6 (full 0):
 garbage-first heap   total 81920K, used 54763K [0x0000000708e00000, 0x0000000800000000)
  region size 2048K, 13 young (26624K), 1 survivors (2048K)
 Metaspace       used 21889K, committed 22272K, reserved 1114112K
  class space    used 3158K, committed 3328K, reserved 1048576K
}
Event: 4.486 GC heap after
{Heap after GC invocations=7 (full 0):
 garbage-first heap   total 81920K, used 38912K [0x0000000708e00000, 0x0000000800000000)
  region size 2048K, 2 young (4096K), 2 survivors (4096K)
 Metaspace       used 21889K, committed 22272K, reserved 1114112K
  class space    used 3158K, committed 3328K, reserved 1048576K
}
Event: 4.917 GC heap before
{Heap before GC invocations=7 (full 0):
 garbage-first heap   total 81920K, used 57344K [0x0000000708e00000, 0x0000000800000000)
  region size 2048K, 11 young (22528K), 2 survivors (4096K)
 Metaspace       used 22388K, committed 22784K, reserved 1114112K
  class space    used 3192K, committed 3392K, reserved 1048576K
}
Event: 4.925 GC heap after
{Heap after GC invocations=8 (full 0):
 garbage-first heap   total 81920K, used 43819K [0x0000000708e00000, 0x0000000800000000)
  region size 2048K, 2 young (4096K), 2 survivors (4096K)
 Metaspace       used 22388K, committed 22784K, reserved 1114112K
  class space    used 3192K, committed 3392K, reserved 1048576K
}
Event: 5.160 GC heap before
{Heap before GC invocations=8 (full 0):
 garbage-first heap   total 81920K, used 60203K [0x0000000708e00000, 0x0000000800000000)
  region size 2048K, 10 young (20480K), 2 survivors (4096K)
 Metaspace       used 22538K, committed 22912K, reserved 1114112K
  class space    used 3203K, committed 3392K, reserved 1048576K
}
Event: 5.170 GC heap after
{Heap after GC invocations=9 (full 0):
 garbage-first heap   total 143360K, used 48508K [0x0000000708e00000, 0x0000000800000000)
  region size 2048K, 2 young (4096K), 2 survivors (4096K)
 Metaspace       used 22538K, committed 22912K, reserved 1114112K
  class space    used 3203K, committed 3392K, reserved 1048576K
}

